#
# There is insufficient memory for the Java Runtime Environment to continue.
# Native memory allocation (malloc) failed to allocate 362576 bytes for Chunk::new
# Possible reasons:
#   The system is out of physical RAM or swap space
#   The process is running with CompressedOops enabled, and the Java Heap may be blocking the growth of the native heap
# Possible solutions:
#   Reduce memory load on the system
#   Increase physical memory or swap space
#   Check if swap backing store is full
#   Decrease Java heap size (-Xmx/-Xms)
#   Decrease number of Java threads
#   Decrease Java thread stack sizes (-Xss)
#   Set larger code cache with -XX:ReservedCodeCacheSize=
#   JVM is running with Unscaled Compressed Oops mode in which the Java heap is
#     placed in the first 4GB address space. The Java Heap base address is the
#     maximum limit for the native heap growth. Please use -XX:HeapBaseMinAddress
#     to set the Java Heap base and to place the Java Heap above 4GB virtual address.
# This output file may be truncated or incomplete.
#
#  Out of Memory Error (allocation.cpp:389), pid=8032, tid=0x000000000000174c
#
# JRE version: OpenJDK Runtime Environment (8.0_242-b01) (build 1.8.0_242-release-1644-b01)
# Java VM: OpenJDK 64-Bit Server VM (25.242-b01 mixed mode windows-amd64 compressed oops)
# Failed to write core dump. Minidumps are not enabled by default on client versions of Windows
#

---------------  T H R E A D  ---------------

Current thread (0x0000000017856000):  JavaThread "C2 CompilerThread1" daemon [_thread_in_native, id=5964, stack(0x0000000018f40000,0x0000000019040000)]

Stack: [0x0000000018f40000,0x0000000019040000]
[error occurred during error reporting (printing stack bounds), id 0xc0000005]

Native frames: (J=compiled Java code, j=interpreted, Vv=VM code, C=native code)


Current CompileTask:
C2: 119157 10310       4       org.gradle.internal.fingerprint.impl.RelativePathFingerprintingStrategy$1::visitFile (62 bytes)


---------------  P R O C E S S  ---------------

Java Threads: ( => current thread )
  0x000000001a5cc000 JavaThread "Cache worker for execution history cache (D:\Android Studio Project\Mobile App\.gradle\6.1.1\executionHistory)" [_thread_blocked, id=6824, stack(0x00000000269b0000,0x0000000026ab0000)]
  0x000000001a5c5000 JavaThread "Execution worker for ':' Thread 3" [_thread_blocked, id=4488, stack(0x00000000268b0000,0x00000000269b0000)]
  0x000000001a5c8000 JavaThread "Execution worker for ':' Thread 2" [_thread_in_native, id=7400, stack(0x00000000267b0000,0x00000000268b0000)]
  0x000000001a5c0800 JavaThread "Execution worker for ':'" [_thread_blocked, id=4976, stack(0x0000000025450000,0x0000000025550000)]
  0x000000001a5c1800 JavaThread "Cache worker for file content cache (D:\Android Studio Project\Mobile App\.gradle\6.1.1\fileContent)" [_thread_blocked, id=568, stack(0x0000000024ef0000,0x0000000024ff0000)]
  0x000000001a79d800 JavaThread "Cache worker for Build Output Cleanup Cache (D:\Android Studio Project\Mobile App\.gradle\buildOutputCleanup)" [_thread_blocked, id=764, stack(0x0000000024cf0000,0x0000000024df0000)]
  0x000000001a79f000 JavaThread "Build operations Thread 4" [_thread_blocked, id=5644, stack(0x0000000024bf0000,0x0000000024cf0000)]
  0x000000001a79f800 JavaThread "Build operations Thread 3" [_thread_blocked, id=3752, stack(0x00000000246f0000,0x00000000247f0000)]
  0x000000001a7a0800 JavaThread "Build operations Thread 2" [_thread_blocked, id=4448, stack(0x00000000220f0000,0x00000000221f0000)]
  0x000000001a79e000 JavaThread "Build operations" [_thread_blocked, id=3648, stack(0x0000000021ff0000,0x00000000220f0000)]
  0x000000001a799800 JavaThread "Cache worker for cache directory md-rule (C:\Users\Naruto\.gradle\caches\6.1.1\md-rule)" [_thread_blocked, id=6104, stack(0x0000000021ef0000,0x0000000021ff0000)]
  0x000000001a79a800 JavaThread "Cache worker for cache directory md-supplier (C:\Users\Naruto\.gradle\caches\6.1.1\md-supplier)" [_thread_blocked, id=4760, stack(0x0000000021df0000,0x0000000021ef0000)]
  0x000000001a79c800 JavaThread "Cache worker for file hash cache (D:\Android Studio Project\Mobile App\.gradle\6.1.1\fileHashes)" [_thread_blocked, id=3920, stack(0x0000000021cf0000,0x0000000021df0000)]
  0x000000001a79c000 JavaThread "Cache worker for checksums cache (D:\Android Studio Project\Mobile App\.gradle\checksums)" [_thread_blocked, id=4124, stack(0x0000000021180000,0x0000000021280000)]
  0x000000001a79b000 JavaThread "Thread-39" [_thread_blocked, id=4100, stack(0x0000000020d80000,0x0000000020e80000)]
  0x000000001a796000 JavaThread "Stdin handler" [_thread_blocked, id=3412, stack(0x0000000020c80000,0x0000000020d80000)]
  0x000000001a799000 JavaThread "Asynchronous log dispatcher for DefaultDaemonConnection: socket connection from /127.0.0.1:50460 to /127.0.0.1:50623" [_thread_blocked, id=2608, stack(0x000000001cfb0000,0x000000001d0b0000)]
  0x000000001a798000 JavaThread "Daemon worker Thread 2" [_thread_blocked, id=7808, stack(0x000000001ccb0000,0x000000001cdb0000)]
  0x000000001a797800 JavaThread "Cancel handler" [_thread_blocked, id=7648, stack(0x000000001cbb0000,0x000000001ccb0000)]
  0x000000001a792000 JavaThread "Handler for socket connection from /127.0.0.1:50460 to /127.0.0.1:50623" [_thread_in_native, id=4920, stack(0x000000001c8b0000,0x000000001c9b0000)]
  0x000000001a794800 JavaThread "Daemon Thread 2" [_thread_blocked, id=1408, stack(0x000000001c7b0000,0x000000001c8b0000)]
  0x000000001a5c7800 JavaThread "Cache worker for file content cache (C:\Users\Naruto\.gradle\caches\6.1.1\fileContent)" [_thread_blocked, id=8012, stack(0x00000000245f0000,0x00000000246f0000)]
  0x000000001a5c6000 JavaThread "Memory manager" [_thread_blocked, id=5364, stack(0x00000000240a0000,0x00000000241a0000)]
  0x000000001b326000 JavaThread "Cache worker for execution history cache (C:\Users\Naruto\.gradle\caches\6.1.1\executionHistory)" [_thread_blocked, id=3948, stack(0x0000000020e80000,0x0000000020f80000)]
  0x000000001b323000 JavaThread "Cache worker for file hash cache (C:\Users\Naruto\.gradle\caches\6.1.1\fileHashes)" [_thread_blocked, id=5532, stack(0x000000001d4b0000,0x000000001d5b0000)]
  0x000000001b3bc000 JavaThread "File lock request listener" [_thread_in_native, id=1144, stack(0x000000001d3b0000,0x000000001d4b0000)]
  0x000000001b3bb000 JavaThread "Cache worker for journal cache (C:\Users\Naruto\.gradle\caches\journal-1)" [_thread_blocked, id=5904, stack(0x000000001d2b0000,0x000000001d3b0000)]
  0x000000001b07c800 JavaThread "Daemon periodic checks" [_thread_blocked, id=928, stack(0x000000001c6b0000,0x000000001c7b0000)]
  0x000000001b07b800 JavaThread "Incoming local TCP Connector on port 50460" [_thread_in_native, id=8064, stack(0x000000001c4c0000,0x000000001c5c0000)]
  0x000000001b0fb800 JavaThread "Daemon health stats" [_thread_blocked, id=1360, stack(0x000000001bee0000,0x000000001bfe0000)]
  0x0000000019147000 JavaThread "Service Thread" daemon [_thread_blocked, id=6816, stack(0x0000000019540000,0x0000000019640000)]
  0x000000001785b800 JavaThread "C1 CompilerThread2" daemon [_thread_blocked, id=984, stack(0x0000000019040000,0x0000000019140000)]
=>0x0000000017856000 JavaThread "C2 CompilerThread1" daemon [_thread_in_native, id=5964, stack(0x0000000018f40000,0x0000000019040000)]
  0x0000000017802800 JavaThread "C2 CompilerThread0" daemon [_thread_blocked, id=2416, stack(0x0000000018e40000,0x0000000018f40000)]
  0x0000000017806800 JavaThread "Attach Listener" daemon [_thread_blocked, id=5112, stack(0x0000000018d40000,0x0000000018e40000)]
  0x0000000017805000 JavaThread "Signal Dispatcher" daemon [_thread_blocked, id=5528, stack(0x0000000018c40000,0x0000000018d40000)]
  0x0000000002bdb800 JavaThread "Finalizer" daemon [_thread_blocked, id=8088, stack(0x0000000018a60000,0x0000000018b60000)]
  0x00000000177e9000 JavaThread "Reference Handler" daemon [_thread_blocked, id=7660, stack(0x0000000018960000,0x0000000018a60000)]
  0x0000000002ade000 JavaThread "main" [_thread_blocked, id=7352, stack(0x0000000002950000,0x0000000002a50000)]

Other Threads:
  0x00000000177c6800 VMThread [stack: 0x0000000018860000,0x0000000018960000] [id=704]
  0x0000000019148000 WatcherThread [stack: 0x0000000019640000,0x0000000019740000] [id=5068]

VM state:not at safepoint (normal execution)

VM Mutex/Monitor currently owned by a thread: None

heap address: 0x0000000080000000, size: 2048 MB, Compressed Oops mode: 32-bit
Narrow klass base: 0x0000000000000000, Narrow klass shift: 3
Compressed class space size: 1073741824 Address: 0x0000000100000000

Heap:
 PSYoungGen      total 280576K, used 45498K [0x00000000d5580000, 0x00000000e8780000, 0x0000000100000000)
  eden space 259072K, 10% used [0x00000000d5580000,0x00000000d70004b8,0x00000000e5280000)
  from space 21504K, 85% used [0x00000000e6980000,0x00000000e7b6e5a0,0x00000000e7e80000)
  to   space 23552K, 0% used [0x00000000e5280000,0x00000000e5280000,0x00000000e6980000)
 ParOldGen       total 88064K, used 47315K [0x0000000080000000, 0x0000000085600000, 0x00000000d5580000)
  object space 88064K, 53% used [0x0000000080000000,0x0000000082e34ca0,0x0000000085600000)
 Metaspace       used 73655K, capacity 76880K, committed 77104K, reserved 1116160K
  class space    used 9855K, capacity 10541K, committed 10544K, reserved 1048576K

Card table byte_map: [0x0000000011fa0000,0x00000000123b0000] byte_map_base: 0x0000000011ba0000

Marking Bits: (ParMarkBitMap*) 0x000000005644f030
 Begin Bits: [0x0000000012a60000, 0x0000000014a60000)
 End Bits:   [0x0000000014a60000, 0x0000000016a60000)

Polling page: 0x0000000001180000

CodeCache: size=245760Kb used=28341Kb max_used=28354Kb free=217418Kb
 bounds [0x0000000002be0000, 0x00000000047c0000, 0x0000000011be0000]
 total_blobs=9649 nmethods=8824 adapters=737
 compilation: enabled

Compilation events (10 events):
Event: 119.063 Thread 0x0000000017802800 nmethod 10313 0x000000000476aed0 code [0x000000000476b020, 0x000000000476b158]
Event: 119.068 Thread 0x0000000017802800 10314       4       sun.nio.fs.WindowsNativeDispatcher::asNativeBuffer (84 bytes)
Event: 119.073 Thread 0x000000001785b800 10316   !   3       com.google.common.cache.LocalCache$Segment::get (210 bytes)
Event: 119.078 Thread 0x000000001785b800 nmethod 10316 0x00000000047a9610 code [0x00000000047a9ac0, 0x00000000047ac958]
Event: 119.091 Thread 0x0000000017802800 nmethod 10314 0x00000000047ae9d0 code [0x00000000047aeb80, 0x00000000047af4f0]
Event: 119.092 Thread 0x0000000017802800 10315       4       java.util.ArrayList::add (54 bytes)
Event: 119.099 Thread 0x000000001785b800 10317  s    3       java.io.ExpiringCache::put (70 bytes)
Event: 119.099 Thread 0x0000000017802800 nmethod 10315 0x000000000478b210 code [0x000000000478b360, 0x000000000478b7b8]
Event: 119.100 Thread 0x000000001785b800 nmethod 10317 0x0000000004057a50 code [0x0000000004057c20, 0x0000000004058388]
Event: 119.103 Thread 0x0000000017802800 10318       4       java.io.ObjectOutputStream$BlockDataOutputStream::writeUTF (46 bytes)

GC Heap History (10 events):
Event: 10.842 GC heap before
{Heap before GC invocations=13 (full 2):
 PSYoungGen      total 182784K, used 171008K [0x00000000d5580000, 0x00000000e1580000, 0x0000000100000000)
  eden space 171008K, 100% used [0x00000000d5580000,0x00000000dfc80000,0x00000000dfc80000)
  from space 11776K, 0% used [0x00000000e0a00000,0x00000000e0a00000,0x00000000e1580000)
  to   space 12800K, 0% used [0x00000000dfc80000,0x00000000dfc80000,0x00000000e0900000)
 ParOldGen       total 53248K, used 15662K [0x0000000080000000, 0x0000000083400000, 0x00000000d5580000)
  object space 53248K, 29% used [0x0000000080000000,0x0000000080f4bae0,0x0000000083400000)
 Metaspace       used 49583K, capacity 51202K, committed 51376K, reserved 1093632K
  class space    used 6631K, capacity 7050K, committed 7088K, reserved 1048576K
Event: 10.883 GC heap after
Heap after GC invocations=13 (full 2):
 PSYoungGen      total 183808K, used 12781K [0x00000000d5580000, 0x00000000e4c00000, 0x0000000100000000)
  eden space 171008K, 0% used [0x00000000d5580000,0x00000000d5580000,0x00000000dfc80000)
  from space 12800K, 99% used [0x00000000dfc80000,0x00000000e08fb558,0x00000000e0900000)
  to   space 17920K, 0% used [0x00000000e3a80000,0x00000000e3a80000,0x00000000e4c00000)
 ParOldGen       total 53248K, used 23751K [0x0000000080000000, 0x0000000083400000, 0x00000000d5580000)
  object space 53248K, 44% used [0x0000000080000000,0x0000000081731cd8,0x0000000083400000)
 Metaspace       used 49583K, capacity 51202K, committed 51376K, reserved 1093632K
  class space    used 6631K, capacity 7050K, committed 7088K, reserved 1048576K
}
Event: 13.128 GC heap before
{Heap before GC invocations=14 (full 2):
 PSYoungGen      total 183808K, used 108082K [0x00000000d5580000, 0x00000000e4c00000, 0x0000000100000000)
  eden space 171008K, 55% used [0x00000000d5580000,0x00000000db291450,0x00000000dfc80000)
  from space 12800K, 99% used [0x00000000dfc80000,0x00000000e08fb558,0x00000000e0900000)
  to   space 17920K, 0% used [0x00000000e3a80000,0x00000000e3a80000,0x00000000e4c00000)
 ParOldGen       total 53248K, used 23751K [0x0000000080000000, 0x0000000083400000, 0x00000000d5580000)
  object space 53248K, 44% used [0x0000000080000000,0x0000000081731cd8,0x0000000083400000)
 Metaspace       used 57083K, capacity 59056K, committed 59160K, reserved 1099776K
  class space    used 7814K, capacity 8283K, committed 8368K, reserved 1048576K
Event: 13.193 GC heap after
Heap after GC invocations=14 (full 2):
 PSYoungGen      total 234496K, used 10079K [0x00000000d5580000, 0x00000000e5000000, 0x0000000100000000)
  eden space 216576K, 0% used [0x00000000d5580000,0x00000000d5580000,0x00000000e2900000)
  from space 17920K, 56% used [0x00000000e3a80000,0x00000000e4457f38,0x00000000e4c00000)
  to   space 17920K, 0% used [0x00000000e2900000,0x00000000e2900000,0x00000000e3a80000)
 ParOldGen       total 53248K, used 34460K [0x0000000080000000, 0x0000000083400000, 0x00000000d5580000)
  object space 53248K, 64% used [0x0000000080000000,0x00000000821a7180,0x0000000083400000)
 Metaspace       used 57083K, capacity 59056K, committed 59160K, reserved 1099776K
  class space    used 7814K, capacity 8283K, committed 8368K, reserved 1048576K
}
Event: 13.193 GC heap before
{Heap before GC invocations=15 (full 3):
 PSYoungGen      total 234496K, used 10079K [0x00000000d5580000, 0x00000000e5000000, 0x0000000100000000)
  eden space 216576K, 0% used [0x00000000d5580000,0x00000000d5580000,0x00000000e2900000)
  from space 17920K, 56% used [0x00000000e3a80000,0x00000000e4457f38,0x00000000e4c00000)
  to   space 17920K, 0% used [0x00000000e2900000,0x00000000e2900000,0x00000000e3a80000)
 ParOldGen       total 53248K, used 34460K [0x0000000080000000, 0x0000000083400000, 0x00000000d5580000)
  object space 53248K, 64% used [0x0000000080000000,0x00000000821a7180,0x0000000083400000)
 Metaspace       used 57083K, capacity 59056K, committed 59160K, reserved 1099776K
  class space    used 7814K, capacity 8283K, committed 8368K, reserved 1048576K
Event: 13.574 GC heap after
Heap after GC invocations=15 (full 3):
 PSYoungGen      total 234496K, used 0K [0x00000000d5580000, 0x00000000e5000000, 0x0000000100000000)
  eden space 216576K, 0% used [0x00000000d5580000,0x00000000d5580000,0x00000000e2900000)
  from space 17920K, 0% used [0x00000000e3a80000,0x00000000e3a80000,0x00000000e4c00000)
  to   space 17920K, 0% used [0x00000000e2900000,0x00000000e2900000,0x00000000e3a80000)
 ParOldGen       total 88064K, used 32814K [0x0000000080000000, 0x0000000085600000, 0x00000000d5580000)
  object space 88064K, 37% used [0x0000000080000000,0x000000008200ba90,0x0000000085600000)
 Metaspace       used 57072K, capacity 59020K, committed 59160K, reserved 1099776K
  class space    used 7810K, capacity 8277K, committed 8368K, reserved 1048576K
}
Event: 27.619 GC heap before
{Heap before GC invocations=16 (full 3):
 PSYoungGen      total 234496K, used 216576K [0x00000000d5580000, 0x00000000e5000000, 0x0000000100000000)
  eden space 216576K, 100% used [0x00000000d5580000,0x00000000e2900000,0x00000000e2900000)
  from space 17920K, 0% used [0x00000000e3a80000,0x00000000e3a80000,0x00000000e4c00000)
  to   space 17920K, 0% used [0x00000000e2900000,0x00000000e2900000,0x00000000e3a80000)
 ParOldGen       total 88064K, used 32814K [0x0000000080000000, 0x0000000085600000, 0x00000000d5580000)
  object space 88064K, 37% used [0x0000000080000000,0x000000008200ba90,0x0000000085600000)
 Metaspace       used 65140K, capacity 67790K, committed 67888K, reserved 1107968K
  class space    used 8898K, capacity 9454K, committed 9520K, reserved 1048576K
Event: 27.757 GC heap after
Heap after GC invocations=16 (full 3):
 PSYoungGen      total 234496K, used 17903K [0x00000000d5580000, 0x00000000e7e80000, 0x0000000100000000)
  eden space 216576K, 0% used [0x00000000d5580000,0x00000000d5580000,0x00000000e2900000)
  from space 17920K, 99% used [0x00000000e2900000,0x00000000e3a7bd48,0x00000000e3a80000)
  to   space 21504K, 0% used [0x00000000e6980000,0x00000000e6980000,0x00000000e7e80000)
 ParOldGen       total 88064K, used 35289K [0x0000000080000000, 0x0000000085600000, 0x00000000d5580000)
  object space 88064K, 40% used [0x0000000080000000,0x0000000082276568,0x0000000085600000)
 Metaspace       used 65140K, capacity 67790K, committed 67888K, reserved 1107968K
  class space    used 8898K, capacity 9454K, committed 9520K, reserved 1048576K
}
Event: 114.930 GC heap before
{Heap before GC invocations=17 (full 3):
 PSYoungGen      total 234496K, used 234479K [0x00000000d5580000, 0x00000000e7e80000, 0x0000000100000000)
  eden space 216576K, 100% used [0x00000000d5580000,0x00000000e2900000,0x00000000e2900000)
  from space 17920K, 99% used [0x00000000e2900000,0x00000000e3a7bd48,0x00000000e3a80000)
  to   space 21504K, 0% used [0x00000000e6980000,0x00000000e6980000,0x00000000e7e80000)
 ParOldGen       total 88064K, used 35289K [0x0000000080000000, 0x0000000085600000, 0x00000000d5580000)
  object space 88064K, 40% used [0x0000000080000000,0x0000000082276568,0x0000000085600000)
 Metaspace       used 73632K, capacity 76880K, committed 77104K, reserved 1116160K
  class space    used 9855K, capacity 10541K, committed 10544K, reserved 1048576K
Event: 117.633 GC heap after
Heap after GC invocations=17 (full 3):
 PSYoungGen      total 280576K, used 18361K [0x00000000d5580000, 0x00000000e8780000, 0x0000000100000000)
  eden space 259072K, 0% used [0x00000000d5580000,0x00000000d5580000,0x00000000e5280000)
  from space 21504K, 85% used [0x00000000e6980000,0x00000000e7b6e5a0,0x00000000e7e80000)
  to   space 23552K, 0% used [0x00000000e5280000,0x00000000e5280000,0x00000000e6980000)
 ParOldGen       total 88064K, used 47315K [0x0000000080000000, 0x0000000085600000, 0x00000000d5580000)
  object space 88064K, 53% used [0x0000000080000000,0x0000000082e34ca0,0x0000000085600000)
 Metaspace       used 73632K, capacity 76880K, committed 77104K, reserved 1116160K
  class space    used 9855K, capacity 10541K, committed 10544K, reserved 1048576K
}

Deoptimization events (10 events):
Event: 109.730 Thread 0x000000001a798000 Uncommon trap: reason=bimorphic action=maybe_recompile pc=0x0000000003e63268 method=java.util.Comparator.lambda$comparing$77a9974f$1(Ljava/util/function/Function;Ljava/lang/Object;Ljava/lang/Object;)I @ 17
Event: 109.730 Thread 0x000000001a798000 Uncommon trap: reason=bimorphic action=maybe_recompile pc=0x0000000003e63268 method=java.util.Comparator.lambda$comparing$77a9974f$1(Ljava/util/function/Function;Ljava/lang/Object;Ljava/lang/Object;)I @ 17
Event: 109.730 Thread 0x000000001a798000 Uncommon trap: reason=bimorphic action=maybe_recompile pc=0x0000000003e63268 method=java.util.Comparator.lambda$comparing$77a9974f$1(Ljava/util/function/Function;Ljava/lang/Object;Ljava/lang/Object;)I @ 17
Event: 109.733 Thread 0x000000001a79b000 Uncommon trap: reason=unstable_if action=reinterpret pc=0x00000000044d4d44 method=java.io.ObjectOutputStream.writeOrdinaryObject(Ljava/lang/Object;Ljava/io/ObjectStreamClass;Z)V @ 113
Event: 112.695 Thread 0x000000001a798000 Uncommon trap: reason=unstable_if action=reinterpret pc=0x000000000441f6fc method=java.util.concurrent.locks.AbstractQueuedSynchronizer.enq(Ljava/util/concurrent/locks/AbstractQueuedSynchronizer$Node;)Ljava/util/concurrent/locks/AbstractQueuedSynchronizer
Event: 112.727 Thread 0x000000001a798000 Uncommon trap: reason=unstable_if action=reinterpret pc=0x0000000004044818 method=java.util.concurrent.ConcurrentLinkedQueue.offer(Ljava/lang/Object;)Z @ 40
Event: 117.635 Thread 0x00000000177e9000 Uncommon trap: reason=unstable_if action=reinterpret pc=0x0000000003c639b8 method=java.lang.ref.Reference.tryHandlePending(Z)Z @ 20
Event: 117.636 Thread 0x000000001a5c5000 Uncommon trap: reason=unstable_if action=reinterpret pc=0x0000000004443434 method=com.google.common.collect.MapMakerInternalMap$Segment.put(Ljava/lang/Object;ILjava/lang/Object;Z)Ljava/lang/Object; @ 92
Event: 118.292 Thread 0x000000001a5c0800 Uncommon trap: reason=unstable_if action=reinterpret pc=0x0000000002d7a700 method=java.util.concurrent.ConcurrentLinkedQueue.poll()Ljava/lang/Object; @ 25
Event: 119.020 Thread 0x000000001a5c8000 Uncommon trap: reason=unstable_if action=reinterpret pc=0x00000000037f8030 method=java.util.concurrent.ConcurrentLinkedQueue.offer(Ljava/lang/Object;)Z @ 40

Classes redefined (0 events):
No events

Internal exceptions (10 events):
Event: 30.914 Thread 0x000000001a5ca800 Exception <a 'java/lang/NoSuchMethodError': java.lang.Object.lambda$static$0(Lcom/android/apksig/util/RunnablesProvider;)V> (0x00000000da0663b8) thrown at [C:\src\AOSP-openjdk-git\hotspot\src\share\vm\interpreter\linkResolver.cpp, line 620]
Event: 33.033 Thread 0x000000001b189800 Implicit null exception at 0x00000000036823bf to 0x0000000003682d49
Event: 33.060 Thread 0x000000001b189800 Implicit null exception at 0x0000000002ff7270 to 0x0000000002ff79cd
Event: 33.180 Thread 0x000000001b189800 Exception <a 'sun/nio/fs/WindowsException'> (0x00000000dd8a5e28) thrown at [C:\src\AOSP-openjdk-git\hotspot\src\share\vm\prims\jni.cpp, line 710]
Event: 33.242 Thread 0x000000001b189800 Implicit null exception at 0x000000000324da6c to 0x000000000324dab5
Event: 34.035 Thread 0x000000001af09000 Exception <a 'java/lang/NoSuchMethodError': <clinit>> (0x00000000de9c69c0) thrown at [C:\src\AOSP-openjdk-git\hotspot\src\share\vm\prims\jni.cpp, line 1615]
Event: 34.036 Thread 0x000000001af09000 Exception <a 'java/lang/NoSuchMethodError': <clinit>> (0x00000000de9d1f70) thrown at [C:\src\AOSP-openjdk-git\hotspot\src\share\vm\prims\jni.cpp, line 1615]
Event: 34.037 Thread 0x000000001af09000 Exception <a 'java/lang/NoSuchMethodError': <clinit>> (0x00000000de9dcac0) thrown at [C:\src\AOSP-openjdk-git\hotspot\src\share\vm\prims\jni.cpp, line 1615]
Event: 34.045 Thread 0x000000001af09000 Exception <a 'java/lang/NoSuchMethodError': <clinit>> (0x00000000de9f6720) thrown at [C:\src\AOSP-openjdk-git\hotspot\src\share\vm\prims\jni.cpp, line 1615]
Event: 34.129 Thread 0x000000001af09000 Exception <a 'java/lang/NoSuchMethodError': <clinit>> (0x00000000dea073b0) thrown at [C:\src\AOSP-openjdk-git\hotspot\src\share\vm\prims\jni.cpp, line 1615]

Events (10 events):
Event: 118.949 Executing VM operation: RevokeBias done
Event: 118.949 Executing VM operation: RevokeBias
Event: 118.950 Executing VM operation: RevokeBias done
Event: 118.950 Executing VM operation: RevokeBias
Event: 118.951 Executing VM operation: RevokeBias done
Event: 118.952 Executing VM operation: RevokeBias
Event: 118.953 Executing VM operation: RevokeBias done
Event: 119.020 Thread 0x000000001a5c8000 Uncommon trap: trap_request=0xffffff65 fr.pc=0x00000000037f8030
Event: 119.020 Thread 0x000000001a5c8000 DEOPT PACKING pc=0x00000000037f8030 sp=0x00000000268ac600
Event: 119.021 Thread 0x000000001a5c8000 DEOPT UNPACKING pc=0x0000000002c2557b sp=0x00000000268ac440 mode 2


Dynamic libraries:
0x00007ff7b38a0000 - 0x00007ff7b38d1000 	C:\Program Files\Android\Android Studio\jre\bin\java.exe
0x00007ffa64f70000 - 0x00007ffa6511d000 	C:\Windows\SYSTEM32\ntdll.dll
0x00007ffa643b0000 - 0x00007ffa644ef000 	C:\Windows\system32\KERNEL32.DLL
0x00007ffa320f0000 - 0x00007ffa32102000 	C:\Program Files\AVAST Software\Avast\aswhook.dll
0x00007ffa624a0000 - 0x00007ffa625b5000 	C:\Windows\system32\KERNELBASE.dll
0x00007ffa625f0000 - 0x00007ffa6269a000 	C:\Windows\system32\ADVAPI32.dll
0x00007ffa64df0000 - 0x00007ffa64f67000 	C:\Windows\system32\USER32.dll
0x00007ffa5f8e0000 - 0x00007ffa5fb5b000 	C:\Windows\WinSxS\amd64_microsoft.windows.common-controls_6595b64144ccf1df_6.0.9600.19394_none_62486577ecb635cf\COMCTL32.dll
0x00007ffa626b0000 - 0x00007ffa6275a000 	C:\Windows\system32\msvcrt.dll
0x00007ffa64160000 - 0x00007ffa641b8000 	C:\Windows\SYSTEM32\sechost.dll
0x00007ffa64930000 - 0x00007ffa64a70000 	C:\Windows\system32\RPCRT4.dll
0x00007ffa64ca0000 - 0x00007ffa64ded000 	C:\Windows\system32\GDI32.dll
0x00007ffa625c0000 - 0x00007ffa625ee000 	C:\Windows\system32\SspiCli.dll
0x00007ffa63d00000 - 0x00007ffa63d36000 	C:\Windows\system32\IMM32.DLL
0x00007ffa64500000 - 0x00007ffa64651000 	C:\Windows\system32\MSCTF.dll
0x0000000055210000 - 0x00000000552e2000 	C:\Program Files\Android\Android Studio\jre\jre\bin\msvcr100.dll
0x0000000055c80000 - 0x00000000564cb000 	C:\Program Files\Android\Android Studio\jre\jre\bin\server\jvm.dll
0x00007ffa5c130000 - 0x00007ffa5c139000 	C:\Windows\SYSTEM32\WSOCK32.dll
0x00007ffa55830000 - 0x00007ffa55852000 	C:\Windows\SYSTEM32\WINMM.dll
0x00007ffa5b340000 - 0x00007ffa5b34a000 	C:\Windows\SYSTEM32\VERSION.dll
0x00007ffa644f0000 - 0x00007ffa644f7000 	C:\Windows\system32\PSAPI.DLL
0x00007ffa64720000 - 0x00007ffa6477a000 	C:\Windows\system32\WS2_32.dll
0x00007ffa55800000 - 0x00007ffa5582a000 	C:\Windows\SYSTEM32\WINMMBASE.dll
0x00007ffa64920000 - 0x00007ffa64929000 	C:\Windows\system32\NSI.dll
0x00007ffa62450000 - 0x00007ffa6249f000 	C:\Windows\SYSTEM32\cfgmgr32.dll
0x00007ffa60eb0000 - 0x00007ffa60ed8000 	C:\Windows\SYSTEM32\DEVOBJ.dll
0x00007ffa5e910000 - 0x00007ffa5e91f000 	C:\Program Files\Android\Android Studio\jre\jre\bin\verify.dll
0x00007ffa5e160000 - 0x00007ffa5e189000 	C:\Program Files\Android\Android Studio\jre\jre\bin\java.dll
0x00007ffa5e260000 - 0x00007ffa5e276000 	C:\Program Files\Android\Android Studio\jre\jre\bin\zip.dll
0x00007ffa627d0000 - 0x00007ffa63cfe000 	C:\Windows\system32\SHELL32.dll
0x00007ffa63d40000 - 0x00007ffa63f51000 	C:\Windows\SYSTEM32\combase.dll
0x00007ffa64a80000 - 0x00007ffa64ad4000 	C:\Windows\system32\SHLWAPI.dll
0x00007ffa60480000 - 0x00007ffa60532000 	C:\Windows\SYSTEM32\SHCORE.dll
0x00007ffa62090000 - 0x00007ffa620a5000 	C:\Windows\SYSTEM32\profapi.dll
0x00007ffa5d610000 - 0x00007ffa5d62a000 	C:\Program Files\Android\Android Studio\jre\jre\bin\net.dll
0x00007ffa61880000 - 0x00007ffa618d9000 	C:\Windows\system32\mswsock.dll
0x00007ffa5d5f0000 - 0x00007ffa5d603000 	C:\Program Files\Android\Android Studio\jre\jre\bin\nio.dll
0x00007ffa5aa30000 - 0x00007ffa5aa56000 	C:\Users\Naruto\.gradle\native\31\windows-amd64\native-platform.dll
0x00007ffa5e900000 - 0x00007ffa5e90d000 	C:\Program Files\Android\Android Studio\jre\jre\bin\management.dll
0x00007ffa618e0000 - 0x00007ffa61900000 	C:\Windows\SYSTEM32\CRYPTSP.dll
0x00007ffa614e0000 - 0x00007ffa61516000 	C:\Windows\system32\rsaenh.dll
0x00007ffa61b70000 - 0x00007ffa61b96000 	C:\Windows\SYSTEM32\bcrypt.dll
0x00007ffa61910000 - 0x00007ffa61931000 	C:\Windows\SYSTEM32\USERENV.dll
0x00007ffa61ef0000 - 0x00007ffa61f53000 	C:\Windows\system32\bcryptprimitives.dll
0x00007ffa61f60000 - 0x00007ffa61f6b000 	C:\Windows\SYSTEM32\CRYPTBASE.dll
0x00007ffa5d160000 - 0x00007ffa5d18a000 	C:\Windows\SYSTEM32\IPHLPAPI.DLL
0x00007ffa5d140000 - 0x00007ffa5d14a000 	C:\Windows\SYSTEM32\WINNSI.DLL
0x00007ffa5ccb0000 - 0x00007ffa5ccc6000 	C:\Windows\SYSTEM32\dhcpcsvc6.DLL
0x00007ffa5ce00000 - 0x00007ffa5ce1a000 	C:\Windows\SYSTEM32\dhcpcsvc.DLL

VM Arguments:
jvm_args: -Xmx2048m -Dfile.encoding=windows-1252 -Duser.country=US -Duser.language=en -Duser.variant 
java_command: org.gradle.launcher.daemon.bootstrap.GradleDaemon 6.1.1
java_class_path (initial): C:\Users\Naruto\.gradle\wrapper\dists\gradle-6.1.1-all\cfmwm155h49vnt3hynmlrsdst\gradle-6.1.1\lib\gradle-launcher-6.1.1.jar
Launcher Type: SUN_STANDARD

Environment Variables:
PATH=C:\Program Files\Microsoft MPI\Bin\;C:\Windows\system32;C:\Windows;C:\Windows\System32\Wbem;C:\Windows\System32\WindowsPowerShell\v1.0\;C:\Program Files (x86)\Microsoft SQL Server\150\DTS\Binn\;C:\Program Files (x86)\Microsoft SQL Server\140\Tools\Binn\;C:\Program Files\Microsoft SQL Server\140\Tools\Binn\;C:\Program Files (x86)\Microsoft SQL Server\140\DTS\Binn\;C:\Program Files\Microsoft SQL Server\140\DTS\Binn\;C:\Program Files\Microsoft SQL Server\Client SDK\ODBC\130\Tools\Binn\;C:\Program Files\dotnet\;C:\Program Files\Microsoft SQL Server\130\Tools\Binn\;C:\Program Files\Microsoft SQL Server\Client SDK\ODBC\170\Tools\Binn\;C:\Program Files (x86)\Microsoft SQL Server\110\DTS\Binn\;C:\Program Files (x86)\Microsoft SQL Server\120\DTS\Binn\;C:\Program Files (x86)\Microsoft SQL Server\130\DTS\Binn\;;C:\Users\Naruto\AppData\Local\Programs\Microsoft VS Code\bin;C:\Users\Naruto\.dotnet\tools
USERNAME=Naruto
OS=Windows_NT
PROCESSOR_IDENTIFIER=Intel64 Family 6 Model 58 Stepping 9, GenuineIntel



---------------  S Y S T E M  ---------------

OS: Windows 8.1 , 64 bit Build 9600 (6.3.9600.19719)

CPU:total 4 (initial active 4) (2 cores per cpu, 2 threads per core) family 6 model 58 stepping 9, cmov, cx8, fxsr, mmx, sse, sse2, sse3, ssse3, sse4.1, sse4.2, popcnt, avx, aes, clmul, erms, ht, tsc, tscinvbit, tscinv

Memory: 4k page, physical 4028776k(119908k free), swap 7174504k(1528k free)

vm_info: OpenJDK 64-Bit Server VM (25.242-b01) for windows-amd64 JRE (1.8.0_242-release-1644-b01), built by "builder" with MS VC++ 10.0 (VS2010)

time: Mon Oct 05 07:41:00 2020
timezone: SE Asia Standard Time
elapsed time: 119 seconds (0d 0h 1m 59s)

